
*** Running vivado
    with args -log system_csi2dvp_0_0.vds -m64 -product Vivado -mode batch -messageDb vivado.pb -notrace -source system_csi2dvp_0_0.tcl


****** Vivado v2018.3 (64-bit)
  **** SW Build 2405991 on Thu Dec  6 23:38:27 MST 2018
  **** IP Build 2404404 on Fri Dec  7 01:43:56 MST 2018
    ** Copyright 1986-2018 Xilinx, Inc. All Rights Reserved.

source system_csi2dvp_0_0.tcl -notrace
INFO: [IP_Flow 19-234] Refreshing IP repositories
INFO: [IP_Flow 19-1700] Loaded user IP repository 'c:/Users/Administrator/Desktop/FPGA/SparkCameraPlus/project/beta/sparkcamplus/UDP_IP/XUP_Dilate_V1.0'.
INFO: [IP_Flow 19-1700] Loaded user IP repository 'c:/Users/Administrator/Desktop/FPGA/SparkCameraPlus/project/beta/sparkcamplus/UDP_IP/XUP_move_en_1.0'.
INFO: [IP_Flow 19-1700] Loaded user IP repository 'c:/Users/Administrator/Desktop/FPGA/SparkCameraPlus/project/beta/sparkcamplus/UDP_IP/XUP_Erode_V1.0'.
INFO: [IP_Flow 19-1700] Loaded user IP repository 'c:/Users/Administrator/Desktop/FPGA/SparkCameraPlus/project/beta/sparkcamplus/IP/csi2_d_phy_rx_1.0'.
INFO: [IP_Flow 19-1700] Loaded user IP repository 'c:/Users/Administrator/Desktop/FPGA/SparkCameraPlus/project/beta/sparkcamplus/IP/if'.
INFO: [IP_Flow 19-1700] Loaded user IP repository 'c:/Users/Administrator/Desktop/FPGA/SparkCameraPlus/project/beta/sparkcamplus/UDP_IP/XUP_ColorDetect_V1.0'.
INFO: [IP_Flow 19-1700] Loaded user IP repository 'c:/Users/Administrator/Desktop/FPGA/SparkCameraPlus/project/beta/sparkcamplus/UDP_IP/XUP_debounce_1.0'.
INFO: [IP_Flow 19-1700] Loaded user IP repository 'c:/Users/Administrator/Desktop/FPGA/SparkCameraPlus/project/beta/sparkcamplus/UDP_IP/XUP_cam_ov7670_ov7725_1.0'.
INFO: [IP_Flow 19-1700] Loaded user IP repository 'c:/Users/Administrator/Desktop/FPGA/SparkCameraPlus/project/beta/sparkcamplus/UDP_IP/XUP_PWM_gen_1.0'.
INFO: [IP_Flow 19-1700] Loaded user IP repository 'c:/Users/Administrator/Desktop/FPGA/SparkCameraPlus/project/beta/sparkcamplus/IP/rgb2dvi_v1_2'.
INFO: [IP_Flow 19-1700] Loaded user IP repository 'c:/Users/Administrator/Desktop/FPGA/SparkCameraPlus/project/beta/sparkcamplus/UDP_IP/XUP_RGB24_16_V1.0'.
INFO: [IP_Flow 19-1700] Loaded user IP repository 'c:/Users/Administrator/Desktop/FPGA/SparkCameraPlus/project/beta/sparkcamplus/UDP_IP/XUP_IICctrl_1.0'.
INFO: [IP_Flow 19-1700] Loaded user IP repository 'c:/Users/Administrator/Desktop/FPGA/SparkCameraPlus/project/beta/sparkcamplus/IP/csi_to_axis_1.0'.
INFO: [IP_Flow 19-1700] Loaded user IP repository 'c:/Users/Administrator/Desktop/FPGA/SparkCameraPlus/project/beta/sparkcamplus/UDP_IP/XUP_ram_read_1.0'.
INFO: [IP_Flow 19-1700] Loaded user IP repository 'c:/Users/Administrator/Desktop/FPGA/SparkCameraPlus/project/beta/sparkcamplus/UDP_IP/XUP_RGB16_24_V1.0'.
INFO: [IP_Flow 19-1700] Loaded user IP repository 'c:/Users/Administrator/Desktop/FPGA/SparkCameraPlus/project/beta/sparkcamplus/UDP_IP/XUP_ov7725_regData_1.0'.
INFO: [IP_Flow 19-1700] Loaded user IP repository 'c:/Users/Administrator/Desktop/FPGA/SparkCameraPlus/project/beta/sparkcamplus/UDP_IP/XUP_servo_ctrl_1.0'.
INFO: [IP_Flow 19-1700] Loaded user IP repository 'c:/Users/Administrator/Desktop/FPGA/SparkCameraPlus/project/beta/sparkcamplus/UDP_IP/XUP_region_cut_1.0'.
INFO: [IP_Flow 19-1700] Loaded user IP repository 'c:/Users/Administrator/Desktop/FPGA/SparkCameraPlus/project/beta/sparkcamplus/UDP_IP/XUP_vga_1.0'.
INFO: [IP_Flow 19-1700] Loaded user IP repository 'c:/Users/Administrator/Desktop/FPGA/SparkCameraPlus/project/beta/sparkcamplus/UDP_IP/XUP_xadc_1.0'.
INFO: [IP_Flow 19-1700] Loaded user IP repository 'c:/Users/Administrator/Desktop/FPGA/SparkCameraPlus/project/beta/sparkcamplus/UDP_IP/xup_rgb2hsv_top_1.0'.
INFO: [IP_Flow 19-2313] Loaded Vivado IP repository 'C:/Xilinx/Vivado/2018.3/data/ip'.
update_ip_catalog: Time (s): cpu = 00:00:05 ; elapsed = 00:00:06 . Memory (MB): peak = 278.711 ; gain = 29.996
WARNING: [IP_Flow 19-4995] The host OS only allows 260 characters in a normal path. The IP cache path is more than 80 characters. If you experience issues with IP caching, please consider changing the IP cache to a location with a shorter path. Alternately consider using the OS subst command to map part of the path to a drive letter. 
Current IP cache path is c:/Users/Administrator/Desktop/FPGA/SparkCameraPlus/project/beta/sparkcamplus/spartan_cam.cache/ip 
Command: synth_design -top system_csi2dvp_0_0 -part xc7s15ftgb196-1 -mode out_of_context
Starting synth_design
Attempting to get a license for feature 'Synthesis' and/or device 'xc7s15'
INFO: [Common 17-349] Got license for feature 'Synthesis' and/or device 'xc7s15'
INFO: Launching helper process for spawning children vivado processes
INFO: Helper process launched with PID 6016 
---------------------------------------------------------------------------------
Starting RTL Elaboration : Time (s): cpu = 00:00:14 ; elapsed = 00:00:15 . Memory (MB): peak = 397.051 ; gain = 104.902
---------------------------------------------------------------------------------
INFO: [Synth 8-6157] synthesizing module 'system_csi2dvp_0_0' [c:/Users/Administrator/Desktop/FPGA/SparkCameraPlus/project/beta/sparkcamplus/spartan_cam.srcs/sources_1/bd/system/ip/system_csi2dvp_0_0/synth/system_csi2dvp_0_0.v:58]
INFO: [Synth 8-6157] synthesizing module 'csi2dvp' [C:/Users/Administrator/Desktop/FPGA/SparkCameraPlus/project/beta/sparkcamplus/spartan_cam.srcs/sources_1/new/csi2dvp.v:23]
	Parameter WIDTH bound to: 12 - type: integer 
	Parameter HSIZE bound to: 1280 - type: integer 
	Parameter HFP bound to: 1390 - type: integer 
	Parameter HSP bound to: 1430 - type: integer 
	Parameter HMAX bound to: 1650 - type: integer 
	Parameter VSIZE bound to: 720 - type: integer 
	Parameter VFP bound to: 725 - type: integer 
	Parameter VSP bound to: 730 - type: integer 
	Parameter VMAX bound to: 750 - type: integer 
	Parameter HSPP bound to: 0 - type: integer 
	Parameter VSPP bound to: 0 - type: integer 
WARNING: [Synth 8-589] replacing case/wildcard equality operator === with logical equality operator == [C:/Users/Administrator/Desktop/FPGA/SparkCameraPlus/project/beta/sparkcamplus/spartan_cam.srcs/sources_1/new/csi2dvp.v:95]
INFO: [Synth 8-638] synthesizing module 'blk_mem_gen_0' [c:/Users/Administrator/Desktop/FPGA/SparkCameraPlus/project/beta/sparkcamplus/spartan_cam.srcs/sources_1/ip/blk_mem_gen_0/synth/blk_mem_gen_0.vhd:71]
	Parameter C_FAMILY bound to: spartan7 - type: string 
	Parameter C_XDEVICEFAMILY bound to: spartan7 - type: string 
	Parameter C_ELABORATION_DIR bound to: ./ - type: string 
	Parameter C_INTERFACE_TYPE bound to: 0 - type: integer 
	Parameter C_AXI_TYPE bound to: 1 - type: integer 
	Parameter C_AXI_SLAVE_TYPE bound to: 0 - type: integer 
	Parameter C_USE_BRAM_BLOCK bound to: 0 - type: integer 
	Parameter C_ENABLE_32BIT_ADDRESS bound to: 0 - type: integer 
	Parameter C_CTRL_ECC_ALGO bound to: NONE - type: string 
	Parameter C_HAS_AXI_ID bound to: 0 - type: integer 
	Parameter C_AXI_ID_WIDTH bound to: 4 - type: integer 
	Parameter C_MEM_TYPE bound to: 1 - type: integer 
	Parameter C_BYTE_SIZE bound to: 9 - type: integer 
	Parameter C_ALGORITHM bound to: 1 - type: integer 
	Parameter C_PRIM_TYPE bound to: 1 - type: integer 
	Parameter C_LOAD_INIT_FILE bound to: 0 - type: integer 
	Parameter C_INIT_FILE_NAME bound to: no_coe_file_loaded - type: string 
	Parameter C_INIT_FILE bound to: blk_mem_gen_0.mem - type: string 
	Parameter C_USE_DEFAULT_DATA bound to: 0 - type: integer 
	Parameter C_DEFAULT_DATA bound to: 0 - type: string 
	Parameter C_HAS_RSTA bound to: 0 - type: integer 
	Parameter C_RST_PRIORITY_A bound to: CE - type: string 
	Parameter C_RSTRAM_A bound to: 0 - type: integer 
	Parameter C_INITA_VAL bound to: 0 - type: string 
	Parameter C_HAS_ENA bound to: 0 - type: integer 
	Parameter C_HAS_REGCEA bound to: 0 - type: integer 
	Parameter C_USE_BYTE_WEA bound to: 0 - type: integer 
	Parameter C_WEA_WIDTH bound to: 1 - type: integer 
	Parameter C_WRITE_MODE_A bound to: WRITE_FIRST - type: string 
	Parameter C_WRITE_WIDTH_A bound to: 16 - type: integer 
	Parameter C_READ_WIDTH_A bound to: 16 - type: integer 
	Parameter C_WRITE_DEPTH_A bound to: 800 - type: integer 
	Parameter C_READ_DEPTH_A bound to: 800 - type: integer 
	Parameter C_ADDRA_WIDTH bound to: 10 - type: integer 
	Parameter C_HAS_RSTB bound to: 0 - type: integer 
	Parameter C_RST_PRIORITY_B bound to: CE - type: string 
	Parameter C_RSTRAM_B bound to: 0 - type: integer 
	Parameter C_INITB_VAL bound to: 0 - type: string 
	Parameter C_HAS_ENB bound to: 0 - type: integer 
	Parameter C_HAS_REGCEB bound to: 0 - type: integer 
	Parameter C_USE_BYTE_WEB bound to: 0 - type: integer 
	Parameter C_WEB_WIDTH bound to: 1 - type: integer 
	Parameter C_WRITE_MODE_B bound to: WRITE_FIRST - type: string 
	Parameter C_WRITE_WIDTH_B bound to: 8 - type: integer 
	Parameter C_READ_WIDTH_B bound to: 8 - type: integer 
	Parameter C_WRITE_DEPTH_B bound to: 1600 - type: integer 
	Parameter C_READ_DEPTH_B bound to: 1600 - type: integer 
	Parameter C_ADDRB_WIDTH bound to: 11 - type: integer 
	Parameter C_HAS_MEM_OUTPUT_REGS_A bound to: 0 - type: integer 
	Parameter C_HAS_MEM_OUTPUT_REGS_B bound to: 1 - type: integer 
	Parameter C_HAS_MUX_OUTPUT_REGS_A bound to: 0 - type: integer 
	Parameter C_HAS_MUX_OUTPUT_REGS_B bound to: 0 - type: integer 
	Parameter C_MUX_PIPELINE_STAGES bound to: 0 - type: integer 
	Parameter C_HAS_SOFTECC_INPUT_REGS_A bound to: 0 - type: integer 
	Parameter C_HAS_SOFTECC_OUTPUT_REGS_B bound to: 0 - type: integer 
	Parameter C_USE_SOFTECC bound to: 0 - type: integer 
	Parameter C_USE_ECC bound to: 0 - type: integer 
	Parameter C_EN_ECC_PIPE bound to: 0 - type: integer 
	Parameter C_READ_LATENCY_A bound to: 1 - type: integer 
	Parameter C_READ_LATENCY_B bound to: 1 - type: integer 
	Parameter C_HAS_INJECTERR bound to: 0 - type: integer 
	Parameter C_SIM_COLLISION_CHECK bound to: ALL - type: string 
	Parameter C_COMMON_CLK bound to: 0 - type: integer 
	Parameter C_DISABLE_WARN_BHV_COLL bound to: 0 - type: integer 
	Parameter C_EN_SLEEP_PIN bound to: 0 - type: integer 
	Parameter C_USE_URAM bound to: 0 - type: integer 
	Parameter C_EN_RDADDRA_CHG bound to: 0 - type: integer 
	Parameter C_EN_RDADDRB_CHG bound to: 0 - type: integer 
	Parameter C_EN_DEEPSLEEP_PIN bound to: 0 - type: integer 
	Parameter C_EN_SHUTDOWN_PIN bound to: 0 - type: integer 
	Parameter C_EN_SAFETY_CKT bound to: 0 - type: integer 
	Parameter C_DISABLE_WARN_BHV_RANGE bound to: 0 - type: integer 
	Parameter C_COUNT_36K_BRAM bound to: 0 - type: string 
	Parameter C_COUNT_18K_BRAM bound to: 1 - type: string 
	Parameter C_EST_POWER_SUMMARY bound to: Estimated Power for IP     :     2.5052 mW - type: string 
INFO: [Synth 8-3491] module 'blk_mem_gen_v8_4_2' declared at 'c:/Users/Administrator/Desktop/FPGA/SparkCameraPlus/project/beta/sparkcamplus/spartan_cam.srcs/sources_1/ip/blk_mem_gen_0/hdl/blk_mem_gen_v8_4_vhsyn_rfs.vhd:195321' bound to instance 'U0' of component 'blk_mem_gen_v8_4_2' [c:/Users/Administrator/Desktop/FPGA/SparkCameraPlus/project/beta/sparkcamplus/spartan_cam.srcs/sources_1/ip/blk_mem_gen_0/synth/blk_mem_gen_0.vhd:239]
INFO: [Synth 8-256] done synthesizing module 'blk_mem_gen_0' (9#1) [c:/Users/Administrator/Desktop/FPGA/SparkCameraPlus/project/beta/sparkcamplus/spartan_cam.srcs/sources_1/ip/blk_mem_gen_0/synth/blk_mem_gen_0.vhd:71]
INFO: [Synth 8-6155] done synthesizing module 'csi2dvp' (10#1) [C:/Users/Administrator/Desktop/FPGA/SparkCameraPlus/project/beta/sparkcamplus/spartan_cam.srcs/sources_1/new/csi2dvp.v:23]
INFO: [Synth 8-6155] done synthesizing module 'system_csi2dvp_0_0' (11#1) [c:/Users/Administrator/Desktop/FPGA/SparkCameraPlus/project/beta/sparkcamplus/spartan_cam.srcs/sources_1/bd/system/ip/system_csi2dvp_0_0/synth/system_csi2dvp_0_0.v:58]
WARNING: [Synth 8-3331] design blk_mem_gen_prim_wrapper has unconnected port SSRA
WARNING: [Synth 8-3331] design blk_mem_gen_prim_wrapper has unconnected port REGCEA
WARNING: [Synth 8-3331] design blk_mem_gen_prim_wrapper has unconnected port SSRB
WARNING: [Synth 8-3331] design blk_mem_gen_prim_wrapper has unconnected port WEB[0]
WARNING: [Synth 8-3331] design blk_mem_gen_prim_wrapper has unconnected port DINB[8]
WARNING: [Synth 8-3331] design blk_mem_gen_prim_wrapper has unconnected port DINB[7]
WARNING: [Synth 8-3331] design blk_mem_gen_prim_wrapper has unconnected port DINB[6]
WARNING: [Synth 8-3331] design blk_mem_gen_prim_wrapper has unconnected port DINB[5]
WARNING: [Synth 8-3331] design blk_mem_gen_prim_wrapper has unconnected port DINB[4]
WARNING: [Synth 8-3331] design blk_mem_gen_prim_wrapper has unconnected port DINB[3]
WARNING: [Synth 8-3331] design blk_mem_gen_prim_wrapper has unconnected port DINB[2]
WARNING: [Synth 8-3331] design blk_mem_gen_prim_wrapper has unconnected port DINB[1]
WARNING: [Synth 8-3331] design blk_mem_gen_prim_wrapper has unconnected port DINB[0]
WARNING: [Synth 8-3331] design blk_mem_gen_prim_wrapper has unconnected port SLEEP
WARNING: [Synth 8-3331] design blk_mem_gen_prim_wrapper has unconnected port INJECTSBITERR
WARNING: [Synth 8-3331] design blk_mem_gen_prim_wrapper has unconnected port INJECTDBITERR
WARNING: [Synth 8-3331] design blk_mem_gen_prim_wrapper has unconnected port ECCPIPECE
WARNING: [Synth 8-3331] design blk_mem_gen_generic_cstr has unconnected port REGCEA[0]
WARNING: [Synth 8-3331] design blk_mem_gen_generic_cstr has unconnected port WEA[1]
WARNING: [Synth 8-3331] design blk_mem_gen_generic_cstr has unconnected port RSTB[0]
WARNING: [Synth 8-3331] design blk_mem_gen_generic_cstr has unconnected port INJECTSBITERR
WARNING: [Synth 8-3331] design blk_mem_gen_generic_cstr has unconnected port INJECTDBITERR
WARNING: [Synth 8-3331] design blk_mem_output_block has unconnected port CLKB
WARNING: [Synth 8-3331] design blk_mem_output_block has unconnected port DOUTA_I[15]
WARNING: [Synth 8-3331] design blk_mem_output_block has unconnected port DOUTA_I[14]
WARNING: [Synth 8-3331] design blk_mem_output_block has unconnected port DOUTA_I[13]
WARNING: [Synth 8-3331] design blk_mem_output_block has unconnected port DOUTA_I[12]
WARNING: [Synth 8-3331] design blk_mem_output_block has unconnected port DOUTA_I[11]
WARNING: [Synth 8-3331] design blk_mem_output_block has unconnected port DOUTA_I[10]
WARNING: [Synth 8-3331] design blk_mem_output_block has unconnected port DOUTA_I[9]
WARNING: [Synth 8-3331] design blk_mem_output_block has unconnected port DOUTA_I[8]
WARNING: [Synth 8-3331] design blk_mem_output_block has unconnected port DOUTA_I[7]
WARNING: [Synth 8-3331] design blk_mem_output_block has unconnected port DOUTA_I[6]
WARNING: [Synth 8-3331] design blk_mem_output_block has unconnected port DOUTA_I[5]
WARNING: [Synth 8-3331] design blk_mem_output_block has unconnected port DOUTA_I[4]
WARNING: [Synth 8-3331] design blk_mem_output_block has unconnected port DOUTA_I[3]
WARNING: [Synth 8-3331] design blk_mem_output_block has unconnected port DOUTA_I[2]
WARNING: [Synth 8-3331] design blk_mem_output_block has unconnected port DOUTA_I[1]
WARNING: [Synth 8-3331] design blk_mem_output_block has unconnected port DOUTA_I[0]
WARNING: [Synth 8-3331] design blk_mem_output_block has unconnected port SBITERR_I
WARNING: [Synth 8-3331] design blk_mem_output_block has unconnected port DBITERR_I
WARNING: [Synth 8-3331] design blk_mem_output_block has unconnected port RDADDRECC_I[10]
WARNING: [Synth 8-3331] design blk_mem_output_block has unconnected port RDADDRECC_I[9]
WARNING: [Synth 8-3331] design blk_mem_output_block has unconnected port RDADDRECC_I[8]
WARNING: [Synth 8-3331] design blk_mem_output_block has unconnected port RDADDRECC_I[7]
WARNING: [Synth 8-3331] design blk_mem_output_block has unconnected port RDADDRECC_I[6]
WARNING: [Synth 8-3331] design blk_mem_output_block has unconnected port RDADDRECC_I[5]
WARNING: [Synth 8-3331] design blk_mem_output_block has unconnected port RDADDRECC_I[4]
WARNING: [Synth 8-3331] design blk_mem_output_block has unconnected port RDADDRECC_I[3]
WARNING: [Synth 8-3331] design blk_mem_output_block has unconnected port RDADDRECC_I[2]
WARNING: [Synth 8-3331] design blk_mem_output_block has unconnected port RDADDRECC_I[1]
WARNING: [Synth 8-3331] design blk_mem_output_block has unconnected port RDADDRECC_I[0]
WARNING: [Synth 8-3331] design blk_mem_input_block has unconnected port RSTA
WARNING: [Synth 8-3331] design blk_mem_input_block has unconnected port ENA
WARNING: [Synth 8-3331] design blk_mem_input_block has unconnected port REGCEA
WARNING: [Synth 8-3331] design blk_mem_input_block has unconnected port RSTB
WARNING: [Synth 8-3331] design blk_mem_input_block has unconnected port ENB
WARNING: [Synth 8-3331] design blk_mem_input_block has unconnected port REGCEB
WARNING: [Synth 8-3331] design blk_mem_input_block has unconnected port WEB[0]
WARNING: [Synth 8-3331] design blk_mem_input_block has unconnected port DINB[7]
WARNING: [Synth 8-3331] design blk_mem_input_block has unconnected port DINB[6]
WARNING: [Synth 8-3331] design blk_mem_input_block has unconnected port DINB[5]
WARNING: [Synth 8-3331] design blk_mem_input_block has unconnected port DINB[4]
WARNING: [Synth 8-3331] design blk_mem_input_block has unconnected port DINB[3]
WARNING: [Synth 8-3331] design blk_mem_input_block has unconnected port DINB[2]
WARNING: [Synth 8-3331] design blk_mem_input_block has unconnected port DINB[1]
WARNING: [Synth 8-3331] design blk_mem_input_block has unconnected port DINB[0]
WARNING: [Synth 8-3331] design blk_mem_input_block has unconnected port INJECTDBITERR
WARNING: [Synth 8-3331] design blk_mem_input_block has unconnected port INJECTSBITERR
WARNING: [Synth 8-3331] design blk_mem_gen_v8_4_2_synth has unconnected port S_AClk
WARNING: [Synth 8-3331] design blk_mem_gen_v8_4_2_synth has unconnected port S_ARESETN
WARNING: [Synth 8-3331] design blk_mem_gen_v8_4_2_synth has unconnected port S_AXI_AWID[3]
WARNING: [Synth 8-3331] design blk_mem_gen_v8_4_2_synth has unconnected port S_AXI_AWID[2]
WARNING: [Synth 8-3331] design blk_mem_gen_v8_4_2_synth has unconnected port S_AXI_AWID[1]
WARNING: [Synth 8-3331] design blk_mem_gen_v8_4_2_synth has unconnected port S_AXI_AWID[0]
WARNING: [Synth 8-3331] design blk_mem_gen_v8_4_2_synth has unconnected port S_AXI_AWADDR[31]
WARNING: [Synth 8-3331] design blk_mem_gen_v8_4_2_synth has unconnected port S_AXI_AWADDR[30]
WARNING: [Synth 8-3331] design blk_mem_gen_v8_4_2_synth has unconnected port S_AXI_AWADDR[29]
WARNING: [Synth 8-3331] design blk_mem_gen_v8_4_2_synth has unconnected port S_AXI_AWADDR[28]
WARNING: [Synth 8-3331] design blk_mem_gen_v8_4_2_synth has unconnected port S_AXI_AWADDR[27]
WARNING: [Synth 8-3331] design blk_mem_gen_v8_4_2_synth has unconnected port S_AXI_AWADDR[26]
WARNING: [Synth 8-3331] design blk_mem_gen_v8_4_2_synth has unconnected port S_AXI_AWADDR[25]
WARNING: [Synth 8-3331] design blk_mem_gen_v8_4_2_synth has unconnected port S_AXI_AWADDR[24]
WARNING: [Synth 8-3331] design blk_mem_gen_v8_4_2_synth has unconnected port S_AXI_AWADDR[23]
WARNING: [Synth 8-3331] design blk_mem_gen_v8_4_2_synth has unconnected port S_AXI_AWADDR[22]
WARNING: [Synth 8-3331] design blk_mem_gen_v8_4_2_synth has unconnected port S_AXI_AWADDR[21]
WARNING: [Synth 8-3331] design blk_mem_gen_v8_4_2_synth has unconnected port S_AXI_AWADDR[20]
WARNING: [Synth 8-3331] design blk_mem_gen_v8_4_2_synth has unconnected port S_AXI_AWADDR[19]
WARNING: [Synth 8-3331] design blk_mem_gen_v8_4_2_synth has unconnected port S_AXI_AWADDR[18]
WARNING: [Synth 8-3331] design blk_mem_gen_v8_4_2_synth has unconnected port S_AXI_AWADDR[17]
WARNING: [Synth 8-3331] design blk_mem_gen_v8_4_2_synth has unconnected port S_AXI_AWADDR[16]
WARNING: [Synth 8-3331] design blk_mem_gen_v8_4_2_synth has unconnected port S_AXI_AWADDR[15]
WARNING: [Synth 8-3331] design blk_mem_gen_v8_4_2_synth has unconnected port S_AXI_AWADDR[14]
WARNING: [Synth 8-3331] design blk_mem_gen_v8_4_2_synth has unconnected port S_AXI_AWADDR[13]
WARNING: [Synth 8-3331] design blk_mem_gen_v8_4_2_synth has unconnected port S_AXI_AWADDR[12]
WARNING: [Synth 8-3331] design blk_mem_gen_v8_4_2_synth has unconnected port S_AXI_AWADDR[11]
WARNING: [Synth 8-3331] design blk_mem_gen_v8_4_2_synth has unconnected port S_AXI_AWADDR[10]
WARNING: [Synth 8-3331] design blk_mem_gen_v8_4_2_synth has unconnected port S_AXI_AWADDR[9]
WARNING: [Synth 8-3331] design blk_mem_gen_v8_4_2_synth has unconnected port S_AXI_AWADDR[8]
WARNING: [Synth 8-3331] design blk_mem_gen_v8_4_2_synth has unconnected port S_AXI_AWADDR[7]
INFO: [Common 17-14] Message 'Synth 8-3331' appears 100 times and further instances of the messages will be disabled. Use the Tcl command set_msg_config to change the current settings.
---------------------------------------------------------------------------------
Finished RTL Elaboration : Time (s): cpu = 00:01:45 ; elapsed = 00:01:49 . Memory (MB): peak = 660.625 ; gain = 368.477
---------------------------------------------------------------------------------

Report Check Netlist: 
+------+------------------+-------+---------+-------+------------------+
|      |Item              |Errors |Warnings |Status |Description       |
+------+------------------+-------+---------+-------+------------------+
|1     |multi_driven_nets |      0|        0|Passed |Multi driven nets |
+------+------------------+-------+---------+-------+------------------+
---------------------------------------------------------------------------------
Start Handling Custom Attributes
---------------------------------------------------------------------------------
---------------------------------------------------------------------------------
Finished Handling Custom Attributes : Time (s): cpu = 00:01:45 ; elapsed = 00:01:50 . Memory (MB): peak = 660.625 ; gain = 368.477
---------------------------------------------------------------------------------
---------------------------------------------------------------------------------
Finished RTL Optimization Phase 1 : Time (s): cpu = 00:01:45 ; elapsed = 00:01:50 . Memory (MB): peak = 660.625 ; gain = 368.477
---------------------------------------------------------------------------------
INFO: [Netlist 29-17] Analyzing 1 Unisim elements for replacement
INFO: [Netlist 29-28] Unisim Transformation completed in 0 CPU seconds
INFO: [Device 21-403] Loading part xc7s15ftgb196-1
INFO: [Project 1-570] Preparing netlist for logic optimization

Processing XDC Constraints
Initializing timing engine
Parsing XDC File [c:/Users/Administrator/Desktop/FPGA/SparkCameraPlus/project/beta/sparkcamplus/spartan_cam.srcs/sources_1/bd/system/ip/system_csi2dvp_0_0/system_csi2dvp_0_0_ooc.xdc] for cell 'inst'
Finished Parsing XDC File [c:/Users/Administrator/Desktop/FPGA/SparkCameraPlus/project/beta/sparkcamplus/spartan_cam.srcs/sources_1/bd/system/ip/system_csi2dvp_0_0/system_csi2dvp_0_0_ooc.xdc] for cell 'inst'
Parsing XDC File [C:/Users/Administrator/Desktop/FPGA/SparkCameraPlus/project/beta/sparkcamplus/spartan_cam.runs/system_csi2dvp_0_0_synth_1/dont_touch.xdc]
Finished Parsing XDC File [C:/Users/Administrator/Desktop/FPGA/SparkCameraPlus/project/beta/sparkcamplus/spartan_cam.runs/system_csi2dvp_0_0_synth_1/dont_touch.xdc]
Completed Processing XDC Constraints

Netlist sorting complete. Time (s): cpu = 00:00:00 ; elapsed = 00:00:00.001 . Memory (MB): peak = 717.277 ; gain = 0.000
INFO: [Project 1-111] Unisim Transformation Summary:
No Unisim elements were transformed.

Netlist sorting complete. Time (s): cpu = 00:00:00 ; elapsed = 00:00:00 . Memory (MB): peak = 717.289 ; gain = 0.000
Constraint Validation Runtime : Time (s): cpu = 00:00:00 ; elapsed = 00:00:00.040 . Memory (MB): peak = 718.781 ; gain = 1.504
---------------------------------------------------------------------------------
Finished Constraint Validation : Time (s): cpu = 00:02:03 ; elapsed = 00:02:09 . Memory (MB): peak = 718.781 ; gain = 426.633
---------------------------------------------------------------------------------
---------------------------------------------------------------------------------
Start Loading Part and Timing Information
---------------------------------------------------------------------------------
Loading part: xc7s15ftgb196-1
---------------------------------------------------------------------------------
Finished Loading Part and Timing Information : Time (s): cpu = 00:02:03 ; elapsed = 00:02:09 . Memory (MB): peak = 718.781 ; gain = 426.633
---------------------------------------------------------------------------------
---------------------------------------------------------------------------------
Start Applying 'set_property' XDC Constraints
---------------------------------------------------------------------------------
Applied set_property DONT_TOUCH = true for inst. (constraint file  C:/Users/Administrator/Desktop/FPGA/SparkCameraPlus/project/beta/sparkcamplus/spartan_cam.runs/system_csi2dvp_0_0_synth_1/dont_touch.xdc, line 14).
Applied set_property DONT_TOUCH = true for inst/bram0. (constraint file  auto generated constraint, line ).
---------------------------------------------------------------------------------
Finished applying 'set_property' XDC Constraints : Time (s): cpu = 00:02:03 ; elapsed = 00:02:09 . Memory (MB): peak = 718.781 ; gain = 426.633
---------------------------------------------------------------------------------
INFO: [Synth 8-5546] ROM "vdata" won't be mapped to RAM because it is too sparse
INFO: [Synth 8-5546] ROM "unpack_cnt" won't be mapped to RAM because it is too sparse
---------------------------------------------------------------------------------
Finished RTL Optimization Phase 2 : Time (s): cpu = 00:02:04 ; elapsed = 00:02:10 . Memory (MB): peak = 718.781 ; gain = 426.633
---------------------------------------------------------------------------------

Report RTL Partitions: 
+-+--------------+------------+----------+
| |RTL Partition |Replication |Instances |
+-+--------------+------------+----------+
+-+--------------+------------+----------+
---------------------------------------------------------------------------------
Start RTL Component Statistics 
---------------------------------------------------------------------------------
Detailed RTL Component Info : 
+---Adders : 
	   2 Input     12 Bit       Adders := 1     
	   2 Input     11 Bit       Adders := 2     
	   2 Input     10 Bit       Adders := 1     
	   2 Input      4 Bit       Adders := 1     
+---Registers : 
	               12 Bit    Registers := 1     
	               11 Bit    Registers := 2     
	               10 Bit    Registers := 1     
	                4 Bit    Registers := 1     
	                1 Bit    Registers := 7     
+---Muxes : 
	   2 Input     12 Bit        Muxes := 1     
	   2 Input     11 Bit        Muxes := 1     
	   2 Input      4 Bit        Muxes := 1     
	   2 Input      2 Bit        Muxes := 1     
	   2 Input      1 Bit        Muxes := 2     
---------------------------------------------------------------------------------
Finished RTL Component Statistics 
---------------------------------------------------------------------------------
---------------------------------------------------------------------------------
Start RTL Hierarchical Component Statistics 
---------------------------------------------------------------------------------
Hierarchical RTL Component report 
Module csi2dvp 
Detailed RTL Component Info : 
+---Adders : 
	   2 Input     12 Bit       Adders := 1     
	   2 Input     11 Bit       Adders := 2     
	   2 Input     10 Bit       Adders := 1     
	   2 Input      4 Bit       Adders := 1     
+---Registers : 
	               12 Bit    Registers := 1     
	               11 Bit    Registers := 2     
	               10 Bit    Registers := 1     
	                4 Bit    Registers := 1     
	                1 Bit    Registers := 7     
+---Muxes : 
	   2 Input     12 Bit        Muxes := 1     
	   2 Input     11 Bit        Muxes := 1     
	   2 Input      4 Bit        Muxes := 1     
	   2 Input      2 Bit        Muxes := 1     
	   2 Input      1 Bit        Muxes := 2     
---------------------------------------------------------------------------------
Finished RTL Hierarchical Component Statistics
---------------------------------------------------------------------------------
---------------------------------------------------------------------------------
Start Part Resource Summary
---------------------------------------------------------------------------------
Part Resources:
DSPs: 20 (col length:20)
BRAMs: 20 (col length: RAMB18 20 RAMB36 10)
---------------------------------------------------------------------------------
Finished Part Resource Summary
---------------------------------------------------------------------------------
---------------------------------------------------------------------------------
Start Cross Boundary and Area Optimization
---------------------------------------------------------------------------------
Warning: Parallel synthesis criteria is not met 
INFO: [Synth 8-5544] ROM "p_0_out" won't be mapped to Block RAM because address size (4) smaller than threshold (5)
INFO: [Synth 8-5546] ROM "vdata" won't be mapped to RAM because it is too sparse
INFO: [Synth 8-5546] ROM "unpack_cnt" won't be mapped to RAM because it is too sparse
---------------------------------------------------------------------------------
Finished Cross Boundary and Area Optimization : Time (s): cpu = 00:02:06 ; elapsed = 00:02:12 . Memory (MB): peak = 718.781 ; gain = 426.633
---------------------------------------------------------------------------------

Report RTL Partitions: 
+-+--------------+------------+----------+
| |RTL Partition |Replication |Instances |
+-+--------------+------------+----------+
+-+--------------+------------+----------+
---------------------------------------------------------------------------------
Start Applying XDC Timing Constraints
---------------------------------------------------------------------------------
---------------------------------------------------------------------------------
Finished Applying XDC Timing Constraints : Time (s): cpu = 00:02:24 ; elapsed = 00:02:32 . Memory (MB): peak = 742.250 ; gain = 450.102
---------------------------------------------------------------------------------
---------------------------------------------------------------------------------
Start Timing Optimization
---------------------------------------------------------------------------------
---------------------------------------------------------------------------------
Finished Timing Optimization : Time (s): cpu = 00:02:25 ; elapsed = 00:02:32 . Memory (MB): peak = 762.914 ; gain = 470.766
---------------------------------------------------------------------------------

Report RTL Partitions: 
+-+--------------+------------+----------+
| |RTL Partition |Replication |Instances |
+-+--------------+------------+----------+
+-+--------------+------------+----------+
---------------------------------------------------------------------------------
Start Technology Mapping
---------------------------------------------------------------------------------
---------------------------------------------------------------------------------
Finished Technology Mapping : Time (s): cpu = 00:02:25 ; elapsed = 00:02:32 . Memory (MB): peak = 762.914 ; gain = 470.766
---------------------------------------------------------------------------------

Report RTL Partitions: 
+-+--------------+------------+----------+
| |RTL Partition |Replication |Instances |
+-+--------------+------------+----------+
+-+--------------+------------+----------+
---------------------------------------------------------------------------------
Start IO Insertion
---------------------------------------------------------------------------------
---------------------------------------------------------------------------------
Start Flattening Before IO Insertion
---------------------------------------------------------------------------------
---------------------------------------------------------------------------------
Finished Flattening Before IO Insertion
---------------------------------------------------------------------------------
---------------------------------------------------------------------------------
Start Final Netlist Cleanup
---------------------------------------------------------------------------------
---------------------------------------------------------------------------------
Finished Final Netlist Cleanup
---------------------------------------------------------------------------------
---------------------------------------------------------------------------------
Finished IO Insertion : Time (s): cpu = 00:02:27 ; elapsed = 00:02:34 . Memory (MB): peak = 762.914 ; gain = 470.766
---------------------------------------------------------------------------------

Report Check Netlist: 
+------+------------------+-------+---------+-------+------------------+
|      |Item              |Errors |Warnings |Status |Description       |
+------+------------------+-------+---------+-------+------------------+
|1     |multi_driven_nets |      0|        0|Passed |Multi driven nets |
+------+------------------+-------+---------+-------+------------------+
---------------------------------------------------------------------------------
Start Renaming Generated Instances
---------------------------------------------------------------------------------
---------------------------------------------------------------------------------
Finished Renaming Generated Instances : Time (s): cpu = 00:02:27 ; elapsed = 00:02:34 . Memory (MB): peak = 762.914 ; gain = 470.766
---------------------------------------------------------------------------------

Report RTL Partitions: 
+-+--------------+------------+----------+
| |RTL Partition |Replication |Instances |
+-+--------------+------------+----------+
+-+--------------+------------+----------+
---------------------------------------------------------------------------------
Start Rebuilding User Hierarchy
---------------------------------------------------------------------------------
---------------------------------------------------------------------------------
Finished Rebuilding User Hierarchy : Time (s): cpu = 00:02:27 ; elapsed = 00:02:34 . Memory (MB): peak = 762.914 ; gain = 470.766
---------------------------------------------------------------------------------
---------------------------------------------------------------------------------
Start Renaming Generated Ports
---------------------------------------------------------------------------------
---------------------------------------------------------------------------------
Finished Renaming Generated Ports : Time (s): cpu = 00:02:27 ; elapsed = 00:02:34 . Memory (MB): peak = 762.914 ; gain = 470.766
---------------------------------------------------------------------------------
---------------------------------------------------------------------------------
Start Handling Custom Attributes
---------------------------------------------------------------------------------
---------------------------------------------------------------------------------
Finished Handling Custom Attributes : Time (s): cpu = 00:02:27 ; elapsed = 00:02:34 . Memory (MB): peak = 762.914 ; gain = 470.766
---------------------------------------------------------------------------------
---------------------------------------------------------------------------------
Start Renaming Generated Nets
---------------------------------------------------------------------------------
---------------------------------------------------------------------------------
Finished Renaming Generated Nets : Time (s): cpu = 00:02:27 ; elapsed = 00:02:34 . Memory (MB): peak = 762.914 ; gain = 470.766
---------------------------------------------------------------------------------
---------------------------------------------------------------------------------
Start Writing Synthesis Report
---------------------------------------------------------------------------------

Report BlackBoxes: 
+-+--------------+----------+
| |BlackBox name |Instances |
+-+--------------+----------+
+-+--------------+----------+

Report Cell Usage: 
+------+---------+------+
|      |Cell     |Count |
+------+---------+------+
|1     |CARRY4   |     6|
|2     |LUT1     |     4|
|3     |LUT2     |     8|
|4     |LUT3     |     6|
|5     |LUT4     |     7|
|6     |LUT5     |    15|
|7     |LUT6     |    23|
|8     |RAMB18E1 |     1|
|9     |FDRE     |    53|
+------+---------+------+

Report Instance Areas: 
+------+-------------------------------------------------+-------------------------+------+
|      |Instance                                         |Module                   |Cells |
+------+-------------------------------------------------+-------------------------+------+
|1     |top                                              |                         |   123|
|2     |  inst                                           |csi2dvp                  |   123|
|3     |    bram0                                        |blk_mem_gen_0            |     1|
|4     |      U0                                         |blk_mem_gen_v8_4_2       |     1|
|5     |        inst_blk_mem_gen                         |blk_mem_gen_v8_4_2_synth |     1|
|6     |          \gnbram.gnativebmg.native_blk_mem_gen  |blk_mem_gen_top          |     1|
|7     |            \valid.cstr                          |blk_mem_gen_generic_cstr |     1|
|8     |              \ramloop[0].ram.r                  |blk_mem_gen_prim_width   |     1|
|9     |                \prim_noinit.ram                 |blk_mem_gen_prim_wrapper |     1|
+------+-------------------------------------------------+-------------------------+------+
---------------------------------------------------------------------------------
Finished Writing Synthesis Report : Time (s): cpu = 00:02:27 ; elapsed = 00:02:34 . Memory (MB): peak = 762.914 ; gain = 470.766
---------------------------------------------------------------------------------
Synthesis finished with 0 errors, 0 critical warnings and 146 warnings.
Synthesis Optimization Runtime : Time (s): cpu = 00:00:32 ; elapsed = 00:02:23 . Memory (MB): peak = 762.914 ; gain = 412.609
Synthesis Optimization Complete : Time (s): cpu = 00:02:28 ; elapsed = 00:02:35 . Memory (MB): peak = 762.914 ; gain = 470.766
INFO: [Project 1-571] Translating synthesized netlist
INFO: [Netlist 29-17] Analyzing 7 Unisim elements for replacement
INFO: [Netlist 29-28] Unisim Transformation completed in 0 CPU seconds
INFO: [Project 1-570] Preparing netlist for logic optimization
INFO: [Opt 31-138] Pushed 0 inverter(s) to 0 load pin(s).
Netlist sorting complete. Time (s): cpu = 00:00:00 ; elapsed = 00:00:00.001 . Memory (MB): peak = 764.742 ; gain = 0.000
INFO: [Project 1-111] Unisim Transformation Summary:
No Unisim elements were transformed.

INFO: [Common 17-83] Releasing license: Synthesis
49 Infos, 102 Warnings, 0 Critical Warnings and 0 Errors encountered.
synth_design completed successfully
synth_design: Time (s): cpu = 00:02:30 ; elapsed = 00:02:38 . Memory (MB): peak = 764.742 ; gain = 484.063
Netlist sorting complete. Time (s): cpu = 00:00:00 ; elapsed = 00:00:00 . Memory (MB): peak = 764.742 ; gain = 0.000
WARNING: [Constraints 18-5210] No constraints selected for write.
Resolution: This message can indicate that there are no constraints for the design, or it can indicate that the used_in flags are set such that the constraints are ignored. This later case is used when running synth_design to not write synthesis constraints to the resulting checkpoint. Instead, project constraints are read when the synthesized design is opened.
INFO: [Common 17-1381] The checkpoint 'C:/Users/Administrator/Desktop/FPGA/SparkCameraPlus/project/beta/sparkcamplus/spartan_cam.runs/system_csi2dvp_0_0_synth_1/system_csi2dvp_0_0.dcp' has been generated.
INFO: [Coretcl 2-1174] Renamed 8 cell refs.
Netlist sorting complete. Time (s): cpu = 00:00:00 ; elapsed = 00:00:00 . Memory (MB): peak = 764.742 ; gain = 0.000
WARNING: [Constraints 18-5210] No constraints selected for write.
Resolution: This message can indicate that there are no constraints for the design, or it can indicate that the used_in flags are set such that the constraints are ignored. This later case is used when running synth_design to not write synthesis constraints to the resulting checkpoint. Instead, project constraints are read when the synthesized design is opened.
INFO: [Common 17-1381] The checkpoint 'C:/Users/Administrator/Desktop/FPGA/SparkCameraPlus/project/beta/sparkcamplus/spartan_cam.runs/system_csi2dvp_0_0_synth_1/system_csi2dvp_0_0.dcp' has been generated.
INFO: [runtcl-4] Executing : report_utilization -file system_csi2dvp_0_0_utilization_synth.rpt -pb system_csi2dvp_0_0_utilization_synth.pb
INFO: [Common 17-206] Exiting Vivado at Tue Jul 28 12:09:56 2020...
