#-----------------------------------------------------------
# Vivado v2018.3 (64-bit)
# SW Build 2405991 on Thu Dec  6 23:38:27 MST 2018
# IP Build 2404404 on Fri Dec  7 01:43:56 MST 2018
# Start of session at: Fri Jul 31 14:32:17 2020
# Process ID: 6980
# Current directory: C:/Users/Administrator/Desktop/FPGA/SparkCameraPlus/project/beta/sparkcamplus
# Command line: vivado.exe -gui_launcher_event rodinguilauncherevent3920 C:\Users\Administrator\Desktop\FPGA\SparkCameraPlus\project\beta\sparkcamplus\spartan_cam.xpr
# Log file: C:/Users/Administrator/Desktop/FPGA/SparkCameraPlus/project/beta/sparkcamplus/vivado.log
# Journal file: C:/Users/Administrator/Desktop/FPGA/SparkCameraPlus/project/beta/sparkcamplus\vivado.jou
#-----------------------------------------------------------
start_gui
open_project C:/Users/Administrator/Desktop/FPGA/SparkCameraPlus/project/beta/sparkcamplus/spartan_cam.xpr
Scanning sources...
Finished scanning sources
INFO: [IP_Flow 19-234] Refreshing IP repositories
INFO: [IP_Flow 19-1700] Loaded user IP repository 'c:/Users/Administrator/Desktop/FPGA/SparkCameraPlus/project/beta/sparkcamplus/UDP_IP/XUP_Dilate_V1.0'.
INFO: [IP_Flow 19-1700] Loaded user IP repository 'c:/Users/Administrator/Desktop/FPGA/SparkCameraPlus/project/beta/sparkcamplus/UDP_IP/XUP_move_en_1.0'.
INFO: [IP_Flow 19-1700] Loaded user IP repository 'c:/Users/Administrator/Desktop/FPGA/SparkCameraPlus/project/beta/sparkcamplus/UDP_IP/XUP_Erode_V1.0'.
INFO: [IP_Flow 19-1700] Loaded user IP repository 'c:/Users/Administrator/Desktop/FPGA/SparkCameraPlus/project/beta/sparkcamplus/IP/csi2_d_phy_rx_1.0'.
INFO: [IP_Flow 19-1700] Loaded user IP repository 'c:/Users/Administrator/Desktop/FPGA/SparkCameraPlus/project/beta/sparkcamplus/IP/if'.
INFO: [IP_Flow 19-1700] Loaded user IP repository 'c:/Users/Administrator/Desktop/FPGA/SparkCameraPlus/project/beta/sparkcamplus/UDP_IP/XUP_ColorDetect_V1.0'.
INFO: [IP_Flow 19-1700] Loaded user IP repository 'c:/Users/Administrator/Desktop/FPGA/SparkCameraPlus/project/beta/sparkcamplus/UDP_IP/XUP_debounce_1.0'.
INFO: [IP_Flow 19-1700] Loaded user IP repository 'c:/Users/Administrator/Desktop/FPGA/SparkCameraPlus/project/beta/sparkcamplus/UDP_IP/XUP_cam_ov7670_ov7725_1.0'.
INFO: [IP_Flow 19-1700] Loaded user IP repository 'c:/Users/Administrator/Desktop/FPGA/SparkCameraPlus/project/beta/sparkcamplus/UDP_IP/XUP_PWM_gen_1.0'.
INFO: [IP_Flow 19-1700] Loaded user IP repository 'c:/Users/Administrator/Desktop/FPGA/SparkCameraPlus/project/beta/sparkcamplus/IP/rgb2dvi_v1_2'.
INFO: [IP_Flow 19-1700] Loaded user IP repository 'c:/Users/Administrator/Desktop/FPGA/SparkCameraPlus/project/beta/sparkcamplus/UDP_IP/XUP_RGB24_16_V1.0'.
INFO: [IP_Flow 19-1700] Loaded user IP repository 'c:/Users/Administrator/Desktop/FPGA/SparkCameraPlus/project/beta/sparkcamplus/UDP_IP/XUP_IICctrl_1.0'.
INFO: [IP_Flow 19-1700] Loaded user IP repository 'c:/Users/Administrator/Desktop/FPGA/SparkCameraPlus/project/beta/sparkcamplus/IP/csi_to_axis_1.0'.
INFO: [IP_Flow 19-1700] Loaded user IP repository 'c:/Users/Administrator/Desktop/FPGA/SparkCameraPlus/project/beta/sparkcamplus/UDP_IP/XUP_ram_read_1.0'.
INFO: [IP_Flow 19-1700] Loaded user IP repository 'c:/Users/Administrator/Desktop/FPGA/SparkCameraPlus/project/beta/sparkcamplus/UDP_IP/XUP_RGB16_24_V1.0'.
INFO: [IP_Flow 19-1700] Loaded user IP repository 'c:/Users/Administrator/Desktop/FPGA/SparkCameraPlus/project/beta/sparkcamplus/UDP_IP/XUP_ov7725_regData_1.0'.
INFO: [IP_Flow 19-1700] Loaded user IP repository 'c:/Users/Administrator/Desktop/FPGA/SparkCameraPlus/project/beta/sparkcamplus/UDP_IP/XUP_servo_ctrl_1.0'.
INFO: [IP_Flow 19-1700] Loaded user IP repository 'c:/Users/Administrator/Desktop/FPGA/SparkCameraPlus/project/beta/sparkcamplus/UDP_IP/XUP_region_cut_1.0'.
INFO: [IP_Flow 19-1700] Loaded user IP repository 'c:/Users/Administrator/Desktop/FPGA/SparkCameraPlus/project/beta/sparkcamplus/UDP_IP/XUP_vga_1.0'.
INFO: [IP_Flow 19-1700] Loaded user IP repository 'c:/Users/Administrator/Desktop/FPGA/SparkCameraPlus/project/beta/sparkcamplus/UDP_IP/XUP_xadc_1.0'.
INFO: [IP_Flow 19-1700] Loaded user IP repository 'c:/Users/Administrator/Desktop/FPGA/SparkCameraPlus/project/beta/sparkcamplus/UDP_IP/xup_rgb2hsv_top_1.0'.
INFO: [IP_Flow 19-2313] Loaded Vivado IP repository 'C:/Xilinx/Vivado/2018.3/data/ip'.
open_project: Time (s): cpu = 00:00:40 ; elapsed = 00:00:43 . Memory (MB): peak = 728.074 ; gain = 172.262
update_compile_order -fileset sources_1
open_hw
connect_hw_server
INFO: [Labtools 27-2285] Connecting to hw_server url TCP:localhost:3121
INFO: [Labtools 27-2222] Launching hw_server...
INFO: [Labtools 27-2221] Launch Output:

****** Xilinx hw_server v2018.3
  **** Build date : Dec  7 2018-00:40:27
    ** Copyright 1986-2018 Xilinx, Inc. All Rights Reserved.


disconnect_hw_server localhost:3121
connect_hw_server
INFO: [Labtools 27-2285] Connecting to hw_server url TCP:localhost:3121
disconnect_hw_server localhost:3121
connect_hw_server
INFO: [Labtools 27-2285] Connecting to hw_server url TCP:localhost:3121
disconnect_hw_server localhost:3121
connect_hw_server
INFO: [Labtools 27-2285] Connecting to hw_server url TCP:localhost:3121
open_hw_target
INFO: [Labtoolstcl 44-466] Opening hw_target localhost:3121/xilinx_tcf/Digilent/210251A08870
open_hw_target: Time (s): cpu = 00:00:09 ; elapsed = 00:00:22 . Memory (MB): peak = 1792.902 ; gain = 422.313
set_property PROGRAM.FILE {C:/Users/Administrator/Desktop/FPGA/SparkCameraPlus/project/beta/sparkcamplus/spartan_cam.runs/impl_1/system_wrapper.bit} [get_hw_devices xc7s15_0]
current_hw_device [get_hw_devices xc7s15_0]
refresh_hw_device -update_hw_probes false [lindex [get_hw_devices xc7s15_0] 0]
INFO: [Labtools 27-1435] Device xc7s15 (JTAG device index = 0) is not programmed (DONE status = 0).
set_property PROBES.FILE {} [get_hw_devices xc7s15_0]
set_property FULL_PROBES.FILE {} [get_hw_devices xc7s15_0]
set_property PROGRAM.FILE {C:/Users/Administrator/Desktop/FPGA/SparkCameraPlus/project/beta/sparkcamplus/spartan_cam.runs/impl_1/system_wrapper.bit} [get_hw_devices xc7s15_0]
program_hw_devices [get_hw_devices xc7s15_0]
INFO: [Labtools 27-3164] End of startup status: HIGH
refresh_hw_device [lindex [get_hw_devices xc7s15_0] 0]
INFO: [Labtools 27-1434] Device xc7s15 (JTAG device index = 0) is programmed with a design that has no supported debug core(s) in it.
ERROR: [Labtoolstcl 44-513] HW Target shutdown. Closing target: localhost:3121/xilinx_tcf/Digilent/210251A08870
INFO: [Labtoolstcl 44-466] Opening hw_target localhost:3121/xilinx_tcf/Digilent/210251A08870
INFO: [Labtools 27-1434] Device xc7s15 (JTAG device index = 0) is programmed with a design that has no supported debug core(s) in it.
WARNING: [Labtoolstcl 44-129] No matching hw_ila_data was found.
ERROR: [Labtoolstcl 44-513] HW Target shutdown. Closing target: localhost:3121/xilinx_tcf/Digilent/210251A08870
INFO: [Labtoolstcl 44-466] Opening hw_target localhost:3121/xilinx_tcf/Digilent/210251A08870
INFO: [Labtools 27-1435] Device xc7s15 (JTAG device index = 0) is not programmed (DONE status = 0).
WARNING: [Labtoolstcl 44-129] No matching hw_ila_data was found.
ERROR: [Labtoolstcl 44-513] HW Target shutdown. Closing target: localhost:3121/xilinx_tcf/Digilent/210251A08870
INFO: [Labtoolstcl 44-466] Opening hw_target localhost:3121/xilinx_tcf/Digilent/210251A08870
INFO: [Labtools 27-1435] Device xc7s15 (JTAG device index = 0) is not programmed (DONE status = 0).
WARNING: [Labtoolstcl 44-129] No matching hw_ila_data was found.
set_property PROBES.FILE {} [get_hw_devices xc7s15_0]
set_property FULL_PROBES.FILE {} [get_hw_devices xc7s15_0]
set_property PROGRAM.FILE {C:/Users/Administrator/Desktop/FPGA/SparkCameraPlus/project/beta/sparkcamplus/spartan_cam.runs/impl_1/system_wrapper.bit} [get_hw_devices xc7s15_0]
program_hw_devices [get_hw_devices xc7s15_0]
INFO: [Labtools 27-3164] End of startup status: HIGH
refresh_hw_device [lindex [get_hw_devices xc7s15_0] 0]
INFO: [Labtools 27-1434] Device xc7s15 (JTAG device index = 0) is programmed with a design that has no supported debug core(s) in it.
ERROR: [Labtoolstcl 44-513] HW Target shutdown. Closing target: localhost:3121/xilinx_tcf/Digilent/210251A08870
exit
INFO: [Common 17-206] Exiting Vivado at Fri Jul 31 15:56:57 2020...
